<?xml version="1.0" encoding="UTF-8"?>
<testng-results ignored="0" total="2" passed="2" failed="0" skipped="0">
  <reporter-output>
    <line>
      <![CDATA[Start Git Now]]>
    </line>
  </reporter-output>
  <suite started-at="2022-10-19T14:39:17 IST" name="Default suite" finished-at="2022-10-19T14:39:17 IST" duration-ms="39">
    <groups>
    </groups>
    <test started-at="2022-10-19T14:39:17 IST" name="Default test" finished-at="2022-10-19T14:39:17 IST" duration-ms="39">
      <class name="Test_Classess.Demo_1">
        <test-method signature="demo()[pri:0, instance:Test_Classess.Demo_1@161479c6]" started-at="2022-10-19T14:39:17 IST" name="demo" finished-at="2022-10-19T14:39:17 IST" duration-ms="10" status="PASS">
          <reporter-output>
            <line>
              <![CDATA[Start Git Now]]>
            </line>
          </reporter-output>
        </test-method> <!-- demo -->
      </class> <!-- Test_Classess.Demo_1 -->
      <class name="NewTest">
        <test-method signature="f()[pri:0, instance:NewTest@4313f5bc]" started-at="2022-10-19T14:39:17 IST" name="f" finished-at="2022-10-19T14:39:17 IST" duration-ms="1" status="PASS">
          <reporter-output>
          </reporter-output>
        </test-method> <!-- f -->
      </class> <!-- NewTest -->
    </test> <!-- Default test -->
  </suite> <!-- Default suite -->
</testng-results>
